<?xml version="1.0" encoding="UTF-8"?>
<testng-results ignored="0" total="1" passed="1" failed="0" skipped="0">
  <reporter-output>
  </reporter-output>
  <suite started-at="2023-02-08T19:54:30 BDT" name="Default suite" finished-at="2023-02-08T19:54:34 BDT" duration-ms="4487">
    <groups>
    </groups>
    <test started-at="2023-02-08T19:54:30 BDT" name="Default test" finished-at="2023-02-08T19:54:34 BDT" duration-ms="4487">
      <class name="project_locator.firstProject">
        <test-method is-config="true" signature="driverSetup()[pri:0, instance:project_locator.firstProject@d5b810e]" started-at="2023-02-08T19:54:24 BDT" name="driverSetup" finished-at="2023-02-08T19:54:30 BDT" duration-ms="6062" status="PASS">
          <reporter-output>
          </reporter-output>
        </test-method> <!-- driverSetup -->
        <test-method signature="mainTest()[pri:0, instance:project_locator.firstProject@d5b810e]" started-at="2023-02-08T19:54:30 BDT" name="mainTest" finished-at="2023-02-08T19:54:34 BDT" duration-ms="4440" status="PASS">
          <reporter-output>
          </reporter-output>
        </test-method> <!-- mainTest -->
        <test-method is-config="true" signature="driverClose()[pri:0, instance:project_locator.firstProject@d5b810e]" started-at="2023-02-08T19:54:34 BDT" name="driverClose" finished-at="2023-02-08T19:54:35 BDT" duration-ms="1164" status="PASS">
          <reporter-output>
          </reporter-output>
        </test-method> <!-- driverClose -->
      </class> <!-- project_locator.firstProject -->
    </test> <!-- Default test -->
  </suite> <!-- Default suite -->
</testng-results>
